<?xml version="1.0" encoding="UTF-8"?>
<!-- Generated by org.testng.reporters.JUnitXMLReporter -->
<testsuite hostname="WW7L4117" name="SanityCheck" tests="55" failures="1" timestamp="28 Jun 2017 20:13:33 GMT" time="3173.653" errors="0">
  <testcase name="CatLogicTC" time="10.383" classname="com.lrn.cat.tc.LoginTC"/>
  <testcase name="CatCreateCourseTC" time="25.768" classname="com.lrn.cat.tc.CreateCourseTC"/>
  <testcase name="CatAddLesson" time="12.922" classname="com.lrn.cat.tc.AddLessonTC"/>
  <testcase name="CatAddTopic" time="7.076" classname="com.lrn.cat.tc.AddTopicTC"/>
  <testcase name="CatAddPage" time="14.795" classname="com.lrn.cat.tc.AddPageTC"/>
  <testcase name="CatEditConcerntTemplateTC" time="104.794" classname="com.lrn.cat.tc.EditConcernTemplateTC"/>
  <testcase name="CatAddPage" time="14.833" classname="com.lrn.cat.tc.AddPageTC1"/>
  <testcase name="CatEditConsentTemplate" time="60.511" classname="com.lrn.cat.tc.EditConsentTemplateTC"/>
  <testcase name="CatAddPage" time="14.884" classname="com.lrn.cat.tc.AddPageTC2"/>
  <testcase name="CatEditSAQ" time="113.427" classname="com.lrn.cat.tc.EditSAQTC"/>
  <testcase name="CatAddLesson" time="13.151" classname="com.lrn.cat.tc.AddLessonTC1"/>
  <testcase name="CatAddTopic" time="7.339" classname="com.lrn.cat.tc.AddTopicTC1"/>
  <testcase name="CatAddPage" time="14.966" classname="com.lrn.cat.tc.AddPageTC3"/>
  <testcase name="CatEditTextTemplate" time="41.492" classname="com.lrn.cat.tc.EditTextTemplateTC"/>
  <testcase name="CatAddPage" time="14.904" classname="com.lrn.cat.tc.AddPageTC4"/>
  <testcase name="CatEditBinaryTemplate" time="79.905" classname="com.lrn.cat.tc.EditBinaryTemplateTC"/>
  <testcase name="CatAddPage" time="14.866" classname="com.lrn.cat.tc.AddPageTC5"/>
  <testcase name="CatEditCarouselTemplate" time="94.385" classname="com.lrn.cat.tc.EditCarouselTemplateTC"/>
  <testcase name="CatAddTopic" time="7.486" classname="com.lrn.cat.tc.AddTopicTC2"/>
  <testcase name="CatAddPage" time="14.923" classname="com.lrn.cat.tc.AddPageTC6"/>
  <testcase name="CatEditConsult" time="124.382" classname="com.lrn.cat.tc.EditConsultTemplateTC"/>
  <testcase name="CatAddPage" time="14.97" classname="com.lrn.cat.tc.AddPageTC7"/>
  <testcase name="CatEditVideoTemplate" time="179.885" classname="com.lrn.cat.tc.EditVideoTemplateTC"/>
  <testcase name="CatAddPage" time="14.971" classname="com.lrn.cat.tc.AddPageTC8"/>
  <testcase name="SidebarPageTC" time="51.37" classname="com.lrn.cat.tc.SidebarTemplateTC"/>
  <testcase name="CatAddLesson" time="13.462" classname="com.lrn.cat.tc.AddLessonTC2"/>
  <testcase name="CatAddPage" time="14.978" classname="com.lrn.cat.tc.AddPageTC9"/>
  <testcase name="CatEditDragAndDropTemplate" time="119.361" classname="com.lrn.cat.tc.EditDragAndDropTemplateTC"/>
  <testcase name="CatAddPage" time="15.075" classname="com.lrn.cat.tc.AddPageTC10"/>
  <testcase name="SelectableImagePageTC" time="129.191" classname="com.lrn.cat.tc.SelectableImageTC"/>
  <testcase name="CatAddPage" time="15.089" classname="com.lrn.cat.tc.AddPageTC11"/>
  <testcase name="CatEditMultipleScenarioTemplateTC" time="306.439" classname="com.lrn.cat.tc.EditMultipleScenarioTemplateTC"/>
  <testcase name="CatAddPage" time="15.086" classname="com.lrn.cat.tc.AddPageTC12"/>
  <testcase name="CatEditSelectAndRevealTemplate" time="193.058" classname="com.lrn.cat.tc.EditSelectAndRevealTemplateTC"/>
  <testcase name="CatCreateTestOutLesson" time="210.606" classname="com.lrn.cat.tc.CreateTestOutLessonTC"/>
  <testcase name="CatCreateBranchingLesson" time="95.078" classname="com.lrn.cat.tc.CreateBranchingLessonTC"/>
  <testcase name="CatLockPage" time="34.156" classname="com.lrn.cat.tc.LockPageTC"/>
  <testcase name="CatLockPage" time="1.436" classname="com.lrn.cat.tc.UnlockPageTC"/>
  <testcase name="CatHidePage" time="34.073" classname="com.lrn.cat.tc.HidePageTC"/>
  <testcase name="CatUnhidePage" time="21.431" classname="com.lrn.cat.tc.UnhidePageTC"/>
  <testcase name="CatCopyNode" time="31.571" classname="com.lrn.cat.tc.CopyNodeTC"/>
  <testcase name="CatPasteNode" time="32.386" classname="com.lrn.cat.tc.PasteNodeTC"/>
  <testcase name="CatDeletePage" time="18.643" classname="com.lrn.cat.tc.DeletePageTC"/>
  <testcase name="CatLandingPage" time="34.924" classname="com.lrn.cat.tc.LandingPageTC"/>
  <testcase name="CatEditCertificationTC" time="158.229" classname="com.lrn.cat.tc.EditCertificationTC"/>
  <testcase name="CATKnowledgeCheckTC" time="115.902" classname="com.lrn.cat.tc.KnowledgeCheckTC">
    <failure type="java.lang.NullPointerException">
      <![CDATA[java.lang.NullPointerException
	at com.lrn.cat.page.KnowledgeCheck.knowledgecheck(KnowledgeCheck.java:182)
	at com.lrn.cat.tc.KnowledgeCheckTC.CATKnowledgeCheckTC(KnowledgeCheckTC.java:13)
... Removed 24 stack frames]]>
    </failure>
  </testcase> <!-- CATKnowledgeCheckTC -->
  <testcase name="CatTileMenu" time="136.063" classname="com.lrn.cat.tc.TileMenuTC"/>
  <testcase name="CatEditCourseFeatures" time="137.536" classname="com.lrn.cat.tc.CourseFeaturesTC"/>
  <testcase name="CatPublishCourse" time="47.317" classname="com.lrn.cat.tc.PublishCourseTC"/>
  <testcase name="CatLogicTC" time="5.103" classname="com.lrn.cat.tc.SearchCourseTC"/>
  <testcase name="CatEditGetStarted" time="13.643" classname="com.lrn.cat.tc.EditGetStartedTC"/>
  <testcase name="CatReorderNodes" time="62.076" classname="com.lrn.cat.tc.ReorderNodesTC"/>
  <testcase name="CatExportToWord" time="20.901" classname="com.lrn.cat.tc.ExportToWordTC"/>
  <testcase name="CatPushToCDV" time="55.46" classname="com.lrn.cat.tc.PushToCDVTC"/>
  <testcase name="CatLogicTC" time="3.267" classname="com.lrn.cat.tc.LogoutTC"/>
</testsuite> <!-- SanityCheck -->
