<?xml version="1.0" encoding="UTF-8"?>
<!-- Generated by org.testng.reporters.JUnitXMLReporter -->
<testsuite hostname="WW7L4117" name="SanityCheck" tests="36" failures="1" timestamp="16 Jun 2017 17:52:16 GMT" time="1937.927" errors="0">
  <testcase name="CatLogicTC" time="4.221" classname="com.lrn.cat.tc.LoginTC"/>
  <testcase name="CatCreateCourseTC" time="19.176" classname="com.lrn.cat.tc.CreateCourseTC"/>
  <testcase name="CatAddLesson" time="13.023" classname="com.lrn.cat.tc.AddLessonTC"/>
  <testcase name="CatAddTopic" time="3.054" classname="com.lrn.cat.tc.AddTopicTC"/>
  <testcase name="CatAddPage" time="14.789" classname="com.lrn.cat.tc.AddPageTC"/>
  <testcase name="CatEditConcerntTemplateTC" time="111.155" classname="com.lrn.cat.tc.EditConcernTemplateTC"/>
  <testcase name="CatAddPage" time="14.945" classname="com.lrn.cat.tc.AddPageTC1"/>
  <testcase name="CatEditConsentTemplate" time="61.853" classname="com.lrn.cat.tc.EditConsentTemplateTC"/>
  <testcase name="CatAddPage" time="15.13" classname="com.lrn.cat.tc.AddPageTC2"/>
  <testcase name="CatEditSAQ" time="116.35" classname="com.lrn.cat.tc.EditSAQTC"/>
  <testcase name="CatAddPage" time="14.954" classname="com.lrn.cat.tc.AddPageTC3"/>
  <testcase name="CatEditTextTemplate" time="41.824" classname="com.lrn.cat.tc.EditTextTemplateTC"/>
  <testcase name="CatAddPage" time="14.847" classname="com.lrn.cat.tc.AddPageTC4"/>
  <testcase name="CatEditBinaryTemplate" time="80.613" classname="com.lrn.cat.tc.EditBinaryTemplateTC"/>
  <testcase name="CatAddPage" time="14.834" classname="com.lrn.cat.tc.AddPageTC5"/>
  <testcase name="CatEditCarouselTemplate" time="92.941" classname="com.lrn.cat.tc.EditCarouselTemplateTC"/>
  <testcase name="CatAddPage" time="14.882" classname="com.lrn.cat.tc.AddPageTC6"/>
  <testcase name="CatEditConsult" time="123.852" classname="com.lrn.cat.tc.EditConsultTemplateTC"/>
  <testcase name="CatAddPage" time="14.924" classname="com.lrn.cat.tc.AddPageTC7"/>
  <testcase name="CatEditVideoTemplate" time="181.062" classname="com.lrn.cat.tc.EditVideoTemplateTC"/>
  <testcase name="CatAddPage" time="14.953" classname="com.lrn.cat.tc.AddPageTC8"/>
  <testcase name="SidebarPageTC" time="51.403" classname="com.lrn.cat.tc.SidebarTemplateTC"/>
  <testcase name="CatAddPage" time="14.998" classname="com.lrn.cat.tc.AddPageTC9"/>
  <testcase name="CatEditDragAndDropTemplate" time="120.23" classname="com.lrn.cat.tc.EditDragAndDropTemplateTC"/>
  <testcase name="CatAddPage" time="15.017" classname="com.lrn.cat.tc.AddPageTC10"/>
  <testcase name="SelectableImagePageTC" time="130.175" classname="com.lrn.cat.tc.SelectableImageTC"/>
  <testcase name="CatAddPage" time="15.062" classname="com.lrn.cat.tc.AddPageTC11"/>
  <testcase name="CatEditMultipleScenarioTemplateTC" time="304.604" classname="com.lrn.cat.tc.EditMultipleScenarioTemplateTC"/>
  <testcase name="CatCreateTestOutLesson" time="167.855" classname="com.lrn.cat.tc.CreateTestOutLessonTC">
    <failure type="java.lang.NullPointerException">
      <![CDATA[java.lang.NullPointerException
	at com.lrn.cat.page.CreateTestOutLesson.createTestOutLesson(CreateTestOutLesson.java:223)
	at com.lrn.cat.tc.CreateTestOutLessonTC.CatCreateTestOutLesson(CreateTestOutLessonTC.java:13)
... Removed 24 stack frames]]>
    </failure>
  </testcase> <!-- CatCreateTestOutLesson -->
  <testcase name="CatLockPage" time="31.535" classname="com.lrn.cat.tc.LockPageTC"/>
  <testcase name="CatLockPage" time="1.441" classname="com.lrn.cat.tc.UnlockPageTC"/>
  <testcase name="CatHidePage" time="30.203" classname="com.lrn.cat.tc.HidePageTC"/>
  <testcase name="CatUnhidePage" time="21.435" classname="com.lrn.cat.tc.UnhidePageTC"/>
  <testcase name="CatDeletePage" time="3.587" classname="com.lrn.cat.tc.DeletePageTC"/>
  <testcase name="CatCheckInCourse" time="24.051" classname="com.lrn.cat.tc.CheckInCourseTC"/>
  <testcase name="CatLogicTC" time="3.649" classname="com.lrn.cat.tc.LogoutTC"/>
</testsuite> <!-- SanityCheck -->
